<?xml version="1.0" encoding="UTF-8"?><testsuite failures="0" name="cucumber.runtime.formatter.JUnitFormatter" skipped="0" tests="4" time="55.75994">
<testcase classname="Google Tests" name="Google Search Test by passing string directly" time="14.536029">
<system-out><![CDATA[Given user opens Google Home page...........................................passed
When user enter "Navathej" Home page........................................passed
Then validate if the searches of "Navathej" are opened......................passed
Then navigate to the first link.............................................passed
Then print Title............................................................passed
]]></system-out>
</testcase>
<testcase classname="Google Tests" name="Google Search Test by using Examples" time="9.109326">
<system-out><![CDATA[Given user opens Google Home page...........................................passed
When user enter "Navathej" Home page........................................passed
Then validate if the searches of "Navathej" are opened......................passed
Then navigate to the first link.............................................passed
Then print Title............................................................passed
]]></system-out>
</testcase>
<testcase classname="Google Tests" name="Google Search Test by using Examples 2" time="16.957503">
<system-out><![CDATA[Given user opens Google Home page...........................................passed
When user enter "Manjeera" Home page........................................passed
Then validate if the searches of "Manjeera" are opened......................passed
Then navigate to the first link.............................................passed
Then print Title............................................................passed
]]></system-out>
</testcase>
<testcase classname="Google Tests" name="Google Search Test By using Data Map" time="15.157082">
<system-out><![CDATA[Given user opens Google Home page...........................................passed
When user enter searchString Home page......................................passed
Then validate if the searches of searchString are opened....................passed
Then navigate to the first link.............................................passed
Then print Title............................................................passed
]]></system-out>
</testcase>
</testsuite>
